09-06-2024 18:02:41 INFO  Starting KhlArenasProjectApp using Java 21.0.2 with PID 10351 (/home/alex/Рабочий стол/Диплом/KHL_Arenas_Project/target/classes started by alex in /home/alex/Рабочий стол/Диплом/KHL_Arenas_Project)
09-06-2024 18:02:41 INFO  No active profile set, falling back to 1 default profile: "default"
09-06-2024 18:02:41 INFO  Bootstrapping Spring Data JPA repositories in DEFAULT mode.
09-06-2024 18:02:42 INFO  Finished Spring Data repository scanning in 58 ms. Found 5 JPA repository interfaces.
09-06-2024 18:02:42 INFO  Tomcat initialized with port 8080 (http)
09-06-2024 18:02:42 INFO  Starting service [Tomcat]
09-06-2024 18:02:42 INFO  Starting Servlet engine: [Apache Tomcat/10.1.20]
09-06-2024 18:02:42 INFO  Initializing Spring embedded WebApplicationContext
09-06-2024 18:02:42 INFO  Root WebApplicationContext: initialization completed in 1762 ms
09-06-2024 18:02:43 INFO  HikariPool-1 - Starting...
09-06-2024 18:02:43 INFO  HikariPool-1 - Added connection org.postgresql.jdbc.PgConnection@31834a2b
09-06-2024 18:02:43 INFO  HikariPool-1 - Start completed.
09-06-2024 18:02:43 INFO  HHH000204: Processing PersistenceUnitInfo [name: default]
09-06-2024 18:02:43 INFO  HHH000412: Hibernate ORM core version 6.4.4.Final
09-06-2024 18:02:43 INFO  HHH000026: Second-level cache disabled
09-06-2024 18:02:43 INFO  No LoadTimeWeaver setup: ignoring JPA class transformer
09-06-2024 18:02:44 WARN  HHH90000025: PostgreSQLDialect does not need to be specified explicitly using 'hibernate.dialect' (remove the property setting and it will be selected by default)
09-06-2024 18:02:44 INFO  HHH000489: No JTA platform available (set 'hibernate.transaction.jta.platform' to enable JTA platform integration)
09-06-2024 18:02:44 INFO  Initialized JPA EntityManagerFactory for persistence unit 'default'
09-06-2024 18:02:45 INFO  Hibernate is in classpath; If applicable, HQL parser will be used.
09-06-2024 18:02:45 WARN  spring.jpa.open-in-view is enabled by default. Therefore, database queries may be performed during view rendering. Explicitly configure spring.jpa.open-in-view to disable this warning
09-06-2024 18:02:45 INFO  Will secure any request with [org.springframework.security.web.session.DisableEncodeUrlFilter@6491006, org.springframework.security.web.context.request.async.WebAsyncManagerIntegrationFilter@42fb2be9, org.springframework.security.web.context.SecurityContextHolderFilter@7a57c5d9, org.springframework.security.web.header.HeaderWriterFilter@723f8990, org.springframework.web.filter.CorsFilter@54816d7a, org.springframework.security.web.authentication.logout.LogoutFilter@1c618295, org.springframework.security.web.authentication.UsernamePasswordAuthenticationFilter@5980e29f, org.springframework.security.web.savedrequest.RequestCacheAwareFilter@2be208db, org.springframework.security.web.servletapi.SecurityContextHolderAwareRequestFilter@5ed463b7, org.springframework.security.web.authentication.AnonymousAuthenticationFilter@106ac5f4, org.springframework.security.web.access.ExceptionTranslationFilter@198a0416, org.springframework.security.web.access.intercept.AuthorizationFilter@40da1644]
09-06-2024 18:02:45 INFO  Tomcat started on port 8080 (http) with context path ''
09-06-2024 18:02:45 INFO  Started KhlArenasProjectApp in 5.294 seconds (process running for 5.728)
09-06-2024 18:02:57 INFO  Initializing Spring DispatcherServlet 'dispatcherServlet'
09-06-2024 18:02:57 INFO  Initializing Servlet 'dispatcherServlet'
09-06-2024 18:02:57 INFO  Completed initialization in 1 ms
